<?xml version="1.0" encoding="UTF-8"?>
<!-- Generated by org.testng.reporters.JUnitReportReporter -->
<testsuite hostname="Niranjan" failures="0" tests="1" name="com.airbase.tests.AmazonTest" time="91.391" errors="0" timestamp="2025-06-08T03:10:35 IST" skipped="0">
  <testcase classname="com.airbase.tests.AmazonTest" name="amazonSearchTest" time="91.391"/>
  <system-out/>
</testsuite> <!-- com.airbase.tests.AmazonTest -->
