<?xml version="1.0" encoding="UTF-8"?>
<!-- Generated by org.testng.reporters.JUnitReportReporter -->
<testsuite hostname="Niranjan" failures="0" tests="1" name="com.airbase.DemoTest" time="3.065" errors="0" timestamp="2025-06-07T01:08:37 IST" skipped="0">
  <testcase classname="com.airbase.DemoTest" name="chromeBroserLaunch" time="3.065"/>
  <system-out/>
</testsuite> <!-- com.airbase.DemoTest -->
